<?xml version="1.0" encoding="UTF-8"?>
<testsuite xmlns:xsi="http://www.w3.org/2001/XMLSchema-instance" xsi:noNamespaceSchemaLocation="https://maven.apache.org/surefire/maven-surefire-plugin/xsd/surefire-test-report-3.0.xsd" version="3.0" name="com.app.appdealers.AppDealersApplicationTests" time="12.862" tests="1" errors="0" skipped="0" failures="0">
  <properties>
[...]
</properties>
  <testcase name="contextLoads" classname="com.app.appdealers.AppDealersApplicationTests" time="0.376">
    <system-out><![CDATA[23:15:21.012 [main] INFO org.springframework.test.context.support.AnnotationConfigContextLoaderUtils -- Could not detect default configuration classes for test class [com.app.appdealers.AppDealersApplicationTests]: AppDealersApplicationTests does not declare any static, non-private, non-final, nested classes annotated with @Configuration.
23:15:21.085 [main] INFO org.springframework.boot.test.context.SpringBootTestContextBootstrapper -- Found @SpringBootConfiguration com.app.appdealers.AppDealersApplication for test class com.app.appdealers.AppDealersApplicationTests
23:15:21.222 [main] INFO org.springframework.boot.devtools.restart.RestartApplicationListener -- Restart disabled due to context in which it is running

  .   ____          _            __ _ _
 /\\ / ___'_ __ _ _(_)_ __  __ _ \ \ \ \
( ( )\___ | '_ | '_| | '_ \/ _` | \ \ \ \
 \\/  ___)| |_)| | | | | || (_| |  ) ) ) )
  '  |____| .__|_| |_|_| |_\__, | / / / /
 =========|_|==============|___/=/_/_/_/
 :: Spring Boot ::                (v3.2.5)

2024-05-22T23:15:21.424-05:00  INFO 6660 --- [app-dealers] [           main] c.a.a.AppDealersApplicationTests         : Starting AppDealersApplicationTests using Java 17.0.10 with PID 6660 (started by Yasser in D:\proyectoIS2\app-dealers-spring-boot)
2024-05-22T23:15:21.426-05:00  INFO 6660 --- [app-dealers] [           main] c.a.a.AppDealersApplicationTests         : No active profile set, falling back to 1 default profile: "default"
2024-05-22T23:15:21.970-05:00  INFO 6660 --- [app-dealers] [           main] .s.d.r.c.RepositoryConfigurationDelegate : Bootstrapping Spring Data JPA repositories in DEFAULT mode.
2024-05-22T23:15:22.028-05:00  INFO 6660 --- [app-dealers] [           main] .s.d.r.c.RepositoryConfigurationDelegate : Finished Spring Data repository scanning in 51 ms. Found 5 JPA repository interfaces.
2024-05-22T23:15:22.433-05:00  INFO 6660 --- [app-dealers] [           main] o.hibernate.jpa.internal.util.LogHelper  : HHH000204: Processing PersistenceUnitInfo [name: default]
2024-05-22T23:15:22.485-05:00  INFO 6660 --- [app-dealers] [           main] org.hibernate.Version                    : HHH000412: Hibernate ORM core version 6.4.4.Final
2024-05-22T23:15:22.515-05:00  INFO 6660 --- [app-dealers] [           main] o.h.c.internal.RegionFactoryInitiator    : HHH000026: Second-level cache disabled
2024-05-22T23:15:22.735-05:00  INFO 6660 --- [app-dealers] [           main] o.s.o.j.p.SpringPersistenceUnitInfo      : No LoadTimeWeaver setup: ignoring JPA class transformer
2024-05-22T23:15:22.756-05:00  INFO 6660 --- [app-dealers] [           main] com.zaxxer.hikari.HikariDataSource       : HikariPool-1 - Starting...
2024-05-22T23:15:24.843-05:00  INFO 6660 --- [app-dealers] [           main] com.zaxxer.hikari.pool.HikariPool        : HikariPool-1 - Added connection org.postgresql.jdbc.PgConnection@7ea3839e
2024-05-22T23:15:24.844-05:00  INFO 6660 --- [app-dealers] [           main] com.zaxxer.hikari.HikariDataSource       : HikariPool-1 - Start completed.
2024-05-22T23:15:25.055-05:00  WARN 6660 --- [app-dealers] [           main] org.hibernate.orm.deprecation            : HHH90000025: PostgreSQLDialect does not need to be specified explicitly using 'hibernate.dialect' (remove the property setting and it will be selected by default)
2024-05-22T23:15:26.156-05:00  INFO 6660 --- [app-dealers] [           main] o.h.e.t.j.p.i.JtaPlatformInitiator       : HHH000489: No JTA platform available (set 'hibernate.transaction.jta.platform' to enable JTA platform integration)
2024-05-22T23:15:32.226-05:00  INFO 6660 --- [app-dealers] [           main] j.LocalContainerEntityManagerFactoryBean : Initialized JPA EntityManagerFactory for persistence unit 'default'
2024-05-22T23:15:32.562-05:00  INFO 6660 --- [app-dealers] [           main] o.s.d.j.r.query.QueryEnhancerFactory     : Hibernate is in classpath; If applicable, HQL parser will be used.
2024-05-22T23:15:32.815-05:00  INFO 6660 --- [app-dealers] [           main] f.a.AutowiredAnnotationBeanPostProcessor : Autowired annotation is not supported on static fields: private static com.app.appdealers.repository.UsuarioRepository com.app.appdealers.util.UserUtil.usuarioRepository
2024-05-22T23:15:32.816-05:00  INFO 6660 --- [app-dealers] [           main] f.a.AutowiredAnnotationBeanPostProcessor : Autowired annotation is not supported on static fields: private static com.app.appdealers.services.jwt.JwtService com.app.appdealers.util.UserUtil.jwtService
2024-05-22T23:15:32.832-05:00  WARN 6660 --- [app-dealers] [           main] JpaBaseConfiguration$JpaWebConfiguration : spring.jpa.open-in-view is enabled by default. Therefore, database queries may be performed during view rendering. Explicitly configure spring.jpa.open-in-view to disable this warning
2024-05-22T23:15:33.108-05:00  INFO 6660 --- [app-dealers] [           main] o.s.s.web.DefaultSecurityFilterChain     : Will secure any request with [org.springframework.security.web.session.DisableEncodeUrlFilter@3dfb1626, org.springframework.security.web.context.request.async.WebAsyncManagerIntegrationFilter@52c919f3, org.springframework.security.web.context.SecurityContextHolderFilter@47bcd95a, org.springframework.security.web.header.HeaderWriterFilter@3a3f1703, org.springframework.web.filter.CorsFilter@5c70eda4, org.springframework.security.web.authentication.logout.LogoutFilter@2f0a29f7, com.app.appdealers.configuration.filter.JwtAuthenticationFilter@762db992, org.springframework.security.web.savedrequest.RequestCacheAwareFilter@331fe6d4, org.springframework.security.web.servletapi.SecurityContextHolderAwareRequestFilter@74832504, org.springframework.security.web.authentication.AnonymousAuthenticationFilter@77ac7cd6, org.springframework.security.web.session.SessionManagementFilter@5d04adc1, org.springframework.security.web.access.ExceptionTranslationFilter@7421213d, org.springframework.security.web.access.intercept.AuthorizationFilter@4eb43d2f]
2024-05-22T23:15:33.370-05:00  INFO 6660 --- [app-dealers] [           main] c.a.a.AppDealersApplicationTests         : Started AppDealersApplicationTests in 12.16 seconds (process running for 12.856)
]]></system-out>
  </testcase>
</testsuite>